<?xml version="1.0" encoding="UTF-8"?>
<testsuite xmlns:xsi="http://www.w3.org/2001/XMLSchema-instance" xsi:noNamespaceSchemaLocation="https://maven.apache.org/surefire/maven-surefire-plugin/xsd/surefire-test-report.xsd" name="br.com.alura.linguagensapi.LinguagensApiApplicationTests" time="0.508" tests="1" errors="1" skipped="0" failures="0">
  <properties>
[...]
</properties>
  <testcase name="br.com.alura.linguagensapi.LinguagensApiApplicationTests" classname="br.com.alura.linguagensapi.LinguagensApiApplicationTests" time="0.506">
    <error message="Unable to find a @SpringBootConfiguration, you need to use @ContextConfiguration or @SpringBootTest(classes=...) with your test" type="java.lang.IllegalStateException">java.lang.IllegalStateException: Unable to find a @SpringBootConfiguration, you need to use @ContextConfiguration or @SpringBootTest(classes=...) with your test
</error>
    <system-out><![CDATA[12:31:05.188 [main] DEBUG org.springframework.test.context.BootstrapUtils - Instantiating CacheAwareContextLoaderDelegate from class [org.springframework.test.context.cache.DefaultCacheAwareContextLoaderDelegate]
12:31:05.211 [main] DEBUG org.springframework.test.context.BootstrapUtils - Instantiating BootstrapContext using constructor [public org.springframework.test.context.support.DefaultBootstrapContext(java.lang.Class,org.springframework.test.context.CacheAwareContextLoaderDelegate)]
12:31:05.323 [main] DEBUG org.springframework.test.context.BootstrapUtils - Instantiating TestContextBootstrapper for test class [br.com.alura.linguagensapi.LinguagensApiApplicationTests] from class [org.springframework.boot.test.context.SpringBootTestContextBootstrapper]
12:31:05.334 [main] INFO org.springframework.boot.test.context.SpringBootTestContextBootstrapper - Neither @ContextConfiguration nor @ContextHierarchy found for test class [br.com.alura.linguagensapi.LinguagensApiApplicationTests], using SpringBootContextLoader
12:31:05.339 [main] DEBUG org.springframework.test.context.support.AbstractContextLoader - Did not detect default resource location for test class [br.com.alura.linguagensapi.LinguagensApiApplicationTests]: class path resource [br/com/alura/linguagensapi/LinguagensApiApplicationTests-context.xml] does not exist
12:31:05.340 [main] DEBUG org.springframework.test.context.support.AbstractContextLoader - Did not detect default resource location for test class [br.com.alura.linguagensapi.LinguagensApiApplicationTests]: class path resource [br/com/alura/linguagensapi/LinguagensApiApplicationTestsContext.groovy] does not exist
12:31:05.340 [main] INFO org.springframework.test.context.support.AbstractContextLoader - Could not detect default resource locations for test class [br.com.alura.linguagensapi.LinguagensApiApplicationTests]: no resource found for suffixes {-context.xml, Context.groovy}.
12:31:05.342 [main] INFO org.springframework.test.context.support.AnnotationConfigContextLoaderUtils - Could not detect default configuration classes for test class [br.com.alura.linguagensapi.LinguagensApiApplicationTests]: LinguagensApiApplicationTests does not declare any static, non-private, non-final, nested classes annotated with @Configuration.
12:31:05.428 [main] DEBUG org.springframework.test.context.support.ActiveProfilesUtils - Could not find an 'annotation declaring class' for annotation type [org.springframework.test.context.ActiveProfiles] and class [br.com.alura.linguagensapi.LinguagensApiApplicationTests]
]]></system-out>
  </testcase>
</testsuite>